Build started 6/11/2014 12:28:18 AM.
     1>Project "C:\Users\Max\Desktop\Spring 2014\CSE 168\FINALPHOENIX\FINALPHOENIX\FINALPHOENIX.vcxproj" on node 2 (Build target(s)).
     1>ClCompile:
         C:\Program Files (x86)\Microsoft Visual Studio 11.0\VC\bin\CL.exe /c /Zi /nologo /W3 /WX- /O2 /Oi /Oy- /GL /D WIN32 /D NDEBUG /D _CONSOLE /D _UNICODE /D UNICODE /Gm- /EHsc /MD /GS /Gy /fp:precise /Zc:wchar_t /Zc:forScope /Fo"Release\\" /Fd"Release\vc110.pdb" /Gd /TP /analyze- /errorReport:prompt Main.cpp
         Main.cpp
       Link:
         C:\Program Files (x86)\Microsoft Visual Studio 11.0\VC\bin\link.exe /ERRORREPORT:PROMPT /OUT:"C:\Users\Max\Desktop\Spring 2014\CSE 168\FINALPHOENIX\Release\FINALPHOENIX.exe" /INCREMENTAL:NO /NOLOGO kernel32.lib user32.lib gdi32.lib winspool.lib comdlg32.lib advapi32.lib shell32.lib ole32.lib oleaut32.lib uuid.lib odbc32.lib odbccp32.lib /MANIFEST /MANIFESTUAC:"level='asInvoker' uiAccess='false'" /manifest:embed /DEBUG /PDB:"C:\Users\Max\Desktop\Spring 2014\CSE 168\FINALPHOENIX\Release\FINALPHOENIX.pdb" /SUBSYSTEM:CONSOLE /OPT:REF /OPT:ICF /LTCG /TLBID:1 /DYNAMICBASE /NXCOMPAT /IMPLIB:"C:\Users\Max\Desktop\Spring 2014\CSE 168\FINALPHOENIX\Release\FINALPHOENIX.lib" /MACHINE:X86 /SAFESEH Release\Bitmap.obj
         Release\BoxTreeNode.obj
         Release\Camera.obj
         Release\Color.obj
         Release\Main.obj
         Release\Matrix34.obj
         Release\MeshObject.obj
         Release\PlaneObject.obj
         Release\RayTrace.obj
         Release\Sphere.obj
         Release\SphereVolume.obj
         Release\Triangle.obj
         Release\Vector3.obj
         Generating code
         Finished generating code
         FINALPHOENIX.vcxproj -> C:\Users\Max\Desktop\Spring 2014\CSE 168\FINALPHOENIX\Release\FINALPHOENIX.exe
     1>Done Building Project "C:\Users\Max\Desktop\Spring 2014\CSE 168\FINALPHOENIX\FINALPHOENIX\FINALPHOENIX.vcxproj" (Build target(s)).

Build succeeded.

Time Elapsed 00:00:02.48
