Build started 5/25/2014 5:50:44 PM.
     1>Project "C:\Users\Max\Desktop\Spring 2014\CSE 168\FINALPHOENIX\FINALPHOENIX\FINALPHOENIX.vcxproj" on node 2 (Build target(s)).
     1>ClCompile:
         C:\Program Files (x86)\Microsoft Visual Studio 11.0\VC\bin\CL.exe /c /ZI /nologo /W3 /WX- /Od /Oy- /D WIN32 /D _DEBUG /D _CONSOLE /D _UNICODE /D UNICODE /Gm /EHsc /RTC1 /MDd /GS /fp:precise /Zc:wchar_t /Zc:forScope /Fo"Debug\\" /Fd"Debug\vc110.pdb" /Gd /TP /analyze- /errorReport:prompt Main.cpp
         Main.cpp
       Link:
         C:\Program Files (x86)\Microsoft Visual Studio 11.0\VC\bin\link.exe /ERRORREPORT:PROMPT /OUT:"C:\Users\Max\Desktop\Spring 2014\CSE 168\FINALPHOENIX\Debug\FINALPHOENIX.exe" /INCREMENTAL /NOLOGO kernel32.lib user32.lib gdi32.lib winspool.lib comdlg32.lib advapi32.lib shell32.lib ole32.lib oleaut32.lib uuid.lib odbc32.lib odbccp32.lib /MANIFEST /MANIFESTUAC:"level='asInvoker' uiAccess='false'" /manifest:embed /DEBUG /PDB:"C:\Users\Max\Desktop\Spring 2014\CSE 168\FINALPHOENIX\Debug\FINALPHOENIX.pdb" /SUBSYSTEM:CONSOLE /TLBID:1 /DYNAMICBASE /NXCOMPAT /IMPLIB:"C:\Users\Max\Desktop\Spring 2014\CSE 168\FINALPHOENIX\Debug\FINALPHOENIX.lib" /MACHINE:X86 Debug\Bitmap.obj
         Debug\BoxTreeNode.obj
         Debug\Camera.obj
         Debug\Color.obj
         Debug\Main.obj
         Debug\Matrix34.obj
         Debug\MeshObject.obj
         Debug\PlaneObject.obj
         Debug\RayTrace.obj
         Debug\Sphere.obj
         Debug\Triangle.obj
         Debug\Vector3.obj
         FINALPHOENIX.vcxproj -> C:\Users\Max\Desktop\Spring 2014\CSE 168\FINALPHOENIX\Debug\FINALPHOENIX.exe
     1>Done Building Project "C:\Users\Max\Desktop\Spring 2014\CSE 168\FINALPHOENIX\FINALPHOENIX\FINALPHOENIX.vcxproj" (Build target(s)).

Build succeeded.

Time Elapsed 00:00:01.39
